<?xml version="1.0" encoding="UTF-8"?>
<testsuite xmlns:xsi="http://www.w3.org/2001/XMLSchema-instance" xsi:noNamespaceSchemaLocation="https://maven.apache.org/surefire/maven-surefire-plugin/xsd/surefire-test-report.xsd" name="testRunner.TestRunner" time="89.742" tests="10" errors="0" skipped="0" failures="0">
  <properties>
[...]
</properties>
  <testcase name="To verify whether image is displayed or not" classname="Bulk Orders Validation" time="8.91"/>
  <testcase name="Validate whether empty cart and browse options are visible or not" classname="Validating Cart" time="9.329"/>
  <testcase name="Validating whether particular name is present or not" classname="Validate Customer Story" time="5.283"/>
  <testcase name="Validate whether special occassions is visible or not" classname="Gift Card Validation" time="10.534"/>
  <testcase name="Validate whether Help Center is visible or not" classname="Help Validation" time="9.073"/>
  <testcase name="Validate whether count of items is displayed on search page" classname="Validating Search" time="11.013"/>
  <testcase name="Validate whether a particular location is present or not" classname="Validating Stores" time="7.849"/>
  <testcase name="Validate whether page title is correct or not" classname="Title Validation" time="4.651"/>
  <testcase name="Validating whether error message appears when wrong details are entered" classname="Validate Track Orders" time="12.277"/>
  <testcase name="Validate whether message is displayed or not" classname="Validate Wishlist" time="9.818"/>
</testsuite>